2025-11-21T11:32:31.729Z Error: Errore database: there is no unique or exclusion constraint matching the ON CONFLICT specification
    at upsertCustomer (webpack-internal:///(rsc)/./lib/repo.ts:105:15)
    at process.processTicksAndRejections (node:internal/process/task_queues:95:5)
    at async POST (webpack-internal:///(rsc)/./app/api/bookings/route.ts:92:26)
    at async /Users/charles/Desktop/Code/montecchia-booking/node_modules/next/dist/compiled/next-server/app-route.runtime.dev.js:6:57228
    at async eT.execute (/Users/charles/Desktop/Code/montecchia-booking/node_modules/next/dist/compiled/next-server/app-route.runtime.dev.js:6:46851)
    at async eT.handle (/Users/charles/Desktop/Code/montecchia-booking/node_modules/next/dist/compiled/next-server/app-route.runtime.dev.js:6:58760)
    at async doRender (/Users/charles/Desktop/Code/montecchia-booking/node_modules/next/dist/server/base-server.js:1366:42)
    at async cacheEntry.responseCache.get.routeKind (/Users/charles/Desktop/Code/montecchia-booking/node_modules/next/dist/server/base-server.js:1588:28)
    at async DevServer.renderToResponseWithComponentsImpl (/Users/charles/Desktop/Code/montecchia-booking/node_modules/next/dist/server/base-server.js:1496:28)
    at async DevServer.renderPageComponent (/Users/charles/Desktop/Code/montecchia-booking/node_modules/next/dist/server/base-server.js:1924:24)
    at async DevServer.renderToResponseImpl (/Users/charles/Desktop/Code/montecchia-booking/node_modules/next/dist/server/base-server.js:1962:32)
    at async DevServer.pipeImpl (/Users/charles/Desktop/Code/montecchia-booking/node_modules/next/dist/server/base-server.js:922:25)
    at async NextNodeServer.handleCatchallRenderRequest (/Users/charles/Desktop/Code/montecchia-booking/node_modules/next/dist/server/next-server.js:272:17)
    at async DevServer.handleRequestImpl (/Users/charles/Desktop/Code/montecchia-booking/node_modules/next/dist/server/base-server.js:818:17)
    at async /Users/charles/Desktop/Code/montecchia-booking/node_modules/next/dist/server/dev/next-dev-server.js:339:20
    at async Span.traceAsyncFn (/Users/charles/Desktop/Code/montecchia-booking/node_modules/next/dist/trace/trace.js:154:20)
    at async DevServer.handleRequest (/Users/charles/Desktop/Code/montecchia-booking/node_modules/next/dist/server/dev/next-dev-server.js:336:24)
    at async invokeRender (/Users/charles/Desktop/Code/montecchia-booking/node_modules/next/dist/server/lib/router-server.js:179:21)
    at async handleRequest (/Users/charles/Desktop/Code/montecchia-booking/node_modules/next/dist/server/lib/router-server.js:359:24)
    at async requestHandlerImpl (/Users/charles/Desktop/Code/montecchia-booking/node_modules/next/dist/server/lib/router-server.js:383:13)
    at async Server.requestListener (/Users/charles/Desktop/Code/montecchia-booking/node_modules/next/dist/server/lib/start-server.js:141:13)
